<?xml version="1.0" encoding="UTF-8"?>
<robot generator="Robot 3.2.2 (Python 3.9.1 on win32)" generated="20210115 04:36:32.015" rpa="false">
<suite id="s1" name="User Actions" source="G:\Selenium\Python\Pycharm\PycharmProjects\PycharmProjects\Tasks\YouTube\Day-2\Tests\user_actions.robot">
<test id="s1-t1" name="T1: Is Video playing or not">
<kw name="Check Video Status">
<kw name="Play Pause Toggle" library="user_actions">
<assign>
<var>${result}</var>
</assign>
<msg timestamp="20210115 04:36:36.333" level="WARN">Retrying (Retry(total=2, connect=None, read=None, redirect=None, status=None)) after connection broken by 'NewConnectionError('&lt;urllib3.connection.HTTPConnection object at 0x00000026720673A0&gt;: Failed to establish a new connection: [WinError 10061] No connection could be made because the target machine actively refused it')': /jsonrpc/0</msg>
<msg timestamp="20210115 04:36:38.337" level="WARN">Retrying (Retry(total=1, connect=None, read=None, redirect=None, status=None)) after connection broken by 'NewConnectionError('&lt;urllib3.connection.HTTPConnection object at 0x0000002672067130&gt;: Failed to establish a new connection: [WinError 10061] No connection could be made because the target machine actively refused it')': /jsonrpc/0</msg>
<msg timestamp="20210115 04:36:40.334" level="WARN">Retrying (Retry(total=0, connect=None, read=None, redirect=None, status=None)) after connection broken by 'NewConnectionError('&lt;urllib3.connection.HTTPConnection object at 0x0000002672063A00&gt;: Failed to establish a new connection: [WinError 10061] No connection could be made because the target machine actively refused it')': /jsonrpc/0</msg>
<msg timestamp="20210115 04:37:06.345" level="INFO">${result} = Now playing video</msg>
<status status="PASS" starttime="20210115 04:36:34.323" endtime="20210115 04:37:06.345"></status>
</kw>
<kw name="Log" library="BuiltIn">
<doc>Logs the given message with the given level.</doc>
<arguments>
<arg>${result}</arg>
</arguments>
<msg timestamp="20210115 04:37:06.345" level="INFO">Now playing video</msg>
<status status="PASS" starttime="20210115 04:37:06.345" endtime="20210115 04:37:06.345"></status>
</kw>
<status status="PASS" starttime="20210115 04:36:34.322" endtime="20210115 04:37:06.345"></status>
</kw>
<status status="PASS" starttime="20210115 04:36:34.322" endtime="20210115 04:37:06.347" critical="yes"></status>
</test>
<test id="s1-t2" name="T2: Check video details">
<kw name="Print Details">
<kw name="Video Details" library="user_actions">
<msg timestamp="20210115 04:37:09.934" level="INFO">Title of video is Bari For My Brother Wedding | Good  collection &amp; Super All of them
Total length of video is :  22:58
Current position of video is : 5:11</msg>
<status status="PASS" starttime="20210115 04:37:06.348" endtime="20210115 04:37:09.934"></status>
</kw>
<status status="PASS" starttime="20210115 04:37:06.348" endtime="20210115 04:37:09.934"></status>
</kw>
<status status="PASS" starttime="20210115 04:37:06.348" endtime="20210115 04:37:09.935" critical="yes"></status>
</test>
<status status="PASS" starttime="20210115 04:36:32.017" endtime="20210115 04:37:09.936"></status>
</suite>
<statistics>
<total>
<stat pass="2" fail="0">Critical Tests</stat>
<stat pass="2" fail="0">All Tests</stat>
</total>
<tag>
</tag>
<suite>
<stat pass="2" fail="0" id="s1" name="User Actions">User Actions</stat>
</suite>
</statistics>
<errors>
<msg timestamp="20210115 04:36:36.333" level="WARN">Retrying (Retry(total=2, connect=None, read=None, redirect=None, status=None)) after connection broken by 'NewConnectionError('&lt;urllib3.connection.HTTPConnection object at 0x00000026720673A0&gt;: Failed to establish a new connection: [WinError 10061] No connection could be made because the target machine actively refused it')': /jsonrpc/0</msg>
<msg timestamp="20210115 04:36:38.337" level="WARN">Retrying (Retry(total=1, connect=None, read=None, redirect=None, status=None)) after connection broken by 'NewConnectionError('&lt;urllib3.connection.HTTPConnection object at 0x0000002672067130&gt;: Failed to establish a new connection: [WinError 10061] No connection could be made because the target machine actively refused it')': /jsonrpc/0</msg>
<msg timestamp="20210115 04:36:40.334" level="WARN">Retrying (Retry(total=0, connect=None, read=None, redirect=None, status=None)) after connection broken by 'NewConnectionError('&lt;urllib3.connection.HTTPConnection object at 0x0000002672063A00&gt;: Failed to establish a new connection: [WinError 10061] No connection could be made because the target machine actively refused it')': /jsonrpc/0</msg>
</errors>
</robot>
