<?xml version="1.0" encoding="UTF-8"?>
<robot generator="Robot 3.2.2 (Python 3.9.1 on win32)" generated="20210108 17:24:22.293" rpa="false">
<suite id="s1" name="Contact-Test" source="C:\Users\Arman\PycharmProjects\untitled\ContactsScenario\contact-test.robot">
<test id="s1-t1" name="Test1: Contact app shoud launch">
<kw name="Open Contact List">
<kw name="Open Contact App" library="ContactApp">
<msg timestamp="20210108 17:24:23.486" level="FAIL">Keyword 'ContactApp.Open Contact App' expected 1 argument, got 0.</msg>
<status status="FAIL" starttime="20210108 17:24:23.486" endtime="20210108 17:24:23.486"></status>
</kw>
<status status="FAIL" starttime="20210108 17:24:23.485" endtime="20210108 17:24:23.487"></status>
</kw>
<status status="FAIL" starttime="20210108 17:24:23.484" endtime="20210108 17:24:23.487" critical="yes">Keyword 'ContactApp.Open Contact App' expected 1 argument, got 0.</status>
</test>
<status status="FAIL" starttime="20210108 17:24:22.309" endtime="20210108 17:24:23.489"></status>
</suite>
<statistics>
<total>
<stat pass="0" fail="1">Critical Tests</stat>
<stat pass="0" fail="1">All Tests</stat>
</total>
<tag>
</tag>
<suite>
<stat pass="0" fail="1" id="s1" name="Contact-Test">Contact-Test</stat>
</suite>
</statistics>
<errors>
<msg timestamp="20210108 17:24:22.309" level="ERROR">Error in test case file 'C:\Users\Arman\PycharmProjects\untitled\ContactsScenario\contact-test.robot': Creating keyword 'Create Contact' failed: Invalid argument specification: Invalid argument syntax '${email}​​​​​​​'.</msg>
<msg timestamp="20210108 17:24:23.482" level="ERROR">Error in file 'C:\Users\Arman\PycharmProjects\untitled\ContactsScenario\contact-test.robot' on line 5: Test library '\libs\ContactApp.py' does not exist.</msg>
</errors>
</robot>
